03/12/2021,17:18:40,006_Ti64_TD_Heat_Temp_1200C_Rate_2-5Cs,,60101,Log File Created
03/12/2021,17:18:40,006_Ti64_TD_Heat_Temp_1200C_Rate_2-5Cs,,60104,Software Version,2.0.19114.01
03/12/2021,17:18:40,006_Ti64_TD_Heat_Temp_1200C_Rate_2-5Cs,,60105,Console Version,10.1.19107.1
03/12/2021,17:18:40,006_Ti64_TD_Heat_Temp_1200C_Rate_2-5Cs,,60106,Controller Version,22.22.3625
03/12/2021,17:18:40,006_Ti64_TD_Heat_Temp_1200C_Rate_2-5Cs,,60107,User Name,Manchester Uni
03/12/2021,17:18:40,006_Ti64_TD_Heat_Temp_1200C_Rate_2-5Cs,,60108,Computer Name,DYNSMTL7178
03/12/2021,17:18:40,006_Ti64_TD_Heat_Temp_1200C_Rate_2-5Cs,,60109,System Name,
03/12/2021,17:18:40,006_Ti64_TD_Heat_Temp_1200C_Rate_2-5Cs,,60110,Frame Serial Number (System ID),DYNSMTL7178
03/12/2021,17:22:42,006_Ti64_TD_Heat_Temp_1200C_Rate_2-5Cs,Test1,60110,Test Started
03/12/2021,17:22:42,006_Ti64_TD_Heat_Temp_1200C_Rate_2-5Cs,Test1,60300,Tuning Settings (Load Frame) - Adaptive = Off
03/12/2021,17:22:42,006_Ti64_TD_Heat_Temp_1200C_Rate_2-5Cs,Test1,60300,Tuning Settings (Load Frame:Linear Position Encoder) - Proportional(dB) = 30.0 : Integral(/s) = 1.0 : Derivative(ms) = 0.0 : Lag(ms) = 0.0
03/12/2021,17:22:42,006_Ti64_TD_Heat_Temp_1200C_Rate_2-5Cs,Test1,60300,Tuning Settings (Load Frame:Load) - Proportional(dB) = 25.5 : Integral(/s) = 0.5 : Derivative(ms) = 0.0 : Lag(ms) = 0.5
03/12/2021,17:22:42,006_Ti64_TD_Heat_Temp_1200C_Rate_2-5Cs,Test1,60300,Tuning Settings (Load Frame:Strain 1) - Proportional(dB) = 20.0 : Integral(/s) = 1.0 : Derivative(ms) = 0.0 : Lag(ms) = 0.0
03/12/2021,17:22:42,006_Ti64_TD_Heat_Temp_1200C_Rate_2-5Cs,Test1,60300,Tuning Settings (Temperature) - Adaptive = Off
03/12/2021,17:22:42,006_Ti64_TD_Heat_Temp_1200C_Rate_2-5Cs,Test1,60300,Tuning Settings (Temperature:Current) - Proportional(dB) = 10.0 : Integral(/s) = 15.0 : Derivative(ms) = 0.0 : Lag(ms) = 20.0
03/12/2021,17:22:42,006_Ti64_TD_Heat_Temp_1200C_Rate_2-5Cs,Test1,60300,Tuning Settings (Temperature:Temperature) - Proportional(dB) = 2.0 : Integral(/s) = 0.2 : Derivative(ms) = 0.0 : Lag(ms) = 50.0
03/12/2021,17:22:42,006_Ti64_TD_Heat_Temp_1200C_Rate_2-5Cs,Test1,60300,Tuning Settings (Temperature:Temperature-K) - Proportional(dB) = 17.0 : Integral(/s) = 0.5 : Derivative(ms) = 0.0 : Lag(ms) = 0.8
03/12/2021,17:22:42,006_Ti64_TD_Heat_Temp_1200C_Rate_2-5Cs,Test1,60300,Tuning Settings (Temperature:Voltage) - Proportional(dB) = -20.0 : Integral(/s) = 1.0 : Derivative(ms) = 0.0 : Lag(ms) = 0.0
03/12/2021,17:34:23,006_Ti64_TD_Heat_Temp_1200C_Rate_2-5Cs,Test1,8800120,A limit has been tripped (Console)
03/12/2021,17:34:23,006_Ti64_TD_Heat_Temp_1200C_Rate_2-5Cs,Test1,60201,Test Status,Test Paused Unexpectedly
03/12/2021,17:34:23,006_Ti64_TD_Heat_Temp_1200C_Rate_2-5Cs,Test1,60120,Total Time,701.183
03/12/2021,17:34:23,006_Ti64_TD_Heat_Temp_1200C_Rate_2-5Cs,Test1,60121,Total Cycle Count(Load Frame Waveform),0
03/12/2021,17:34:23,006_Ti64_TD_Heat_Temp_1200C_Rate_2-5Cs,Test1,60121,Total Cycle Count(Temperature Waveform),0
03/12/2021,17:34:23,006_Ti64_TD_Heat_Temp_1200C_Rate_2-5Cs,Test1,60122,Step,4,Step 4
03/12/2021,17:34:23,006_Ti64_TD_Heat_Temp_1200C_Rate_2-5Cs,Test1,60111,Test Paused
03/12/2021,17:35:50,006_Ti64_TD_Heat_Temp_1200C_Rate_2-5Cs,Test1,62000,SHA-256,Test1.steps.trends.csv,E7BEB955843ED56E087651C1D538808C1022A1C12C337ECF22FD904F79F7CD03
03/12/2021,17:35:50,006_Ti64_TD_Heat_Temp_1200C_Rate_2-5Cs,Test1,62000,SHA-256,Test1.Stop.csv,622790E5EF601F55A92F4454798CB9AD4F7E3E4EC198F2971024B9851304D876
03/12/2021,17:35:50,006_Ti64_TD_Heat_Temp_1200C_Rate_2-5Cs,Test1,60103,Closed
